<?xml version="1.0" encoding="UTF-8"?>
<!-- Generated by org.testng.reporters.JUnitXMLReporter -->
<testsuite hostname="DESKTOP-PJMGSTL" ignored="0" name="Default test" tests="6" failures="0" timestamp="09 Sep 2017 16:41:34 GMT" time="400.128" errors="0">
  <testcase name="TestLogin" time="65.028" classname="com.test.automation.uiautomation.homePage.TC005_SignInExcel"/>
  <testcase name="TestLogin" time="64.604" classname="com.test.automation.uiautomation.homePage.TC005_SignInExcel"/>
  <testcase name="TestLogin" time="64.222" classname="com.test.automation.uiautomation.homePage.TC005_SignInExcel"/>
  <testcase name="TestLogin" time="64.33" classname="com.test.automation.uiautomation.homePage.TC005_SignInExcel"/>
  <testcase name="TestLogin" time="64.084" classname="com.test.automation.uiautomation.homePage.TC005_SignInExcel"/>
  <testcase name="TestLogin" time="64.194" classname="com.test.automation.uiautomation.homePage.TC005_SignInExcel"/>
</testsuite> <!-- Default test -->
