<?xml version="1.0" encoding="UTF-8"?>
<testng-results skipped="0" failed="0" ignored="0" total="1" passed="1">
  <reporter-output>
  </reporter-output>
  <suite name="RegressionTest" duration-ms="26434" started-at="2017-09-07T17:18:14Z" finished-at="2017-09-07T17:18:41Z">
    <groups>
    </groups>
    <test name="TC002_RegistrationPage" duration-ms="26434" started-at="2017-09-07T17:18:14Z" finished-at="2017-09-07T17:18:41Z">
      <class name="com.test.automation.uiautomation.registrationPage.TC002_RegistrationPage">
        <test-method status="PASS" signature="BeforesignUp()[pri:0, instance:com.test.automation.uiautomation.registrationPage.TC002_RegistrationPage@59494225]" name="BeforesignUp" is-config="true" duration-ms="13529" started-at="2017-09-07T12:18:14Z" finished-at="2017-09-07T12:18:28Z">
          <reporter-output>
          </reporter-output>
        </test-method> <!-- BeforesignUp -->
        <test-method status="PASS" signature="signUpCredentials()[pri:0, instance:com.test.automation.uiautomation.registrationPage.TC002_RegistrationPage@59494225]" name="signUpCredentials" duration-ms="12883" started-at="2017-09-07T12:18:28Z" finished-at="2017-09-07T12:18:41Z">
          <reporter-output>
          </reporter-output>
        </test-method> <!-- signUpCredentials -->
        <test-method status="PASS" signature="endTest()[pri:0, instance:com.test.automation.uiautomation.registrationPage.TC002_RegistrationPage@59494225]" name="endTest" is-config="true" duration-ms="0" started-at="2017-09-07T12:18:41Z" finished-at="2017-09-07T12:18:41Z">
          <reporter-output>
          </reporter-output>
        </test-method> <!-- endTest -->
      </class> <!-- com.test.automation.uiautomation.registrationPage.TC002_RegistrationPage -->
    </test> <!-- TC002_RegistrationPage -->
  </suite> <!-- RegressionTest -->
</testng-results>
